<?xml version="1.0" encoding="UTF-8"?>
<testsuite name="CalculadoraTest" tests="4" skipped="0" failures="0" errors="0" timestamp="2022-05-26T12:30:51" hostname="DESKTOP-DL5EERI" time="0.02">
  <properties/>
  <testcase name="subTest()" classname="CalculadoraTest" time="0.016"/>
  <testcase name="diviTest()" classname="CalculadoraTest" time="0.001"/>
  <testcase name="multTest()" classname="CalculadoraTest" time="0.001"/>
  <testcase name="somaTest()" classname="CalculadoraTest" time="0.0"/>
  <system-out><![CDATA[]]></system-out>
  <system-err><![CDATA[]]></system-err>
</testsuite>
